This is pdfTeX, Version 3.14159265-2.6-1.40.16 (TeX Live 2015/Debian) (preloaded format=latex 2017.8.28)  10 OCT 2017 17:43
entering extended mode
 restricted \write18 enabled.
 %&-line parsing enabled.
**_formulas.tex
(./_formulas.tex
LaTeX2e <2016/02/01>
Babel <3.9q> and hyphenation patterns for 81 language(s) loaded.
(/usr/share/texlive/texmf-dist/tex/latex/base/article.cls
Document Class: article 2014/09/29 v1.4h Standard LaTeX document class
(/usr/share/texlive/texmf-dist/tex/latex/base/size10.clo
File: size10.clo 2014/09/29 v1.4h Standard LaTeX file (size option)
)
\c@part=\count79
\c@section=\count80
\c@subsection=\count81
\c@subsubsection=\count82
\c@paragraph=\count83
\c@subparagraph=\count84
\c@figure=\count85
\c@table=\count86
\abovecaptionskip=\skip41
\belowcaptionskip=\skip42
\bibindent=\dimen102
)
(/usr/share/texlive/texmf-dist/tex/latex/graphics/epsfig.sty
Package: epsfig 1999/02/16 v1.7a (e)psfig emulation (SPQR)

(/usr/share/texlive/texmf-dist/tex/latex/graphics/graphicx.sty
Package: graphicx 2014/10/28 v1.0g Enhanced LaTeX Graphics (DPC,SPQR)

(/usr/share/texlive/texmf-dist/tex/latex/graphics/keyval.sty
Package: keyval 2014/10/28 v1.15 key=value parser (DPC)
\KV@toks@=\toks14
)
(/usr/share/texlive/texmf-dist/tex/latex/graphics/graphics.sty
Package: graphics 2016/01/03 v1.0q Standard LaTeX Graphics (DPC,SPQR)

(/usr/share/texlive/texmf-dist/tex/latex/graphics/trig.sty
Package: trig 2016/01/03 v1.10 sin cos tan (DPC)
)
(/usr/share/texlive/texmf-dist/tex/latex/latexconfig/graphics.cfg
File: graphics.cfg 2010/04/23 v1.9 graphics configuration of TeX Live
)
Package graphics Info: Driver file: dvips.def on input line 95.

(/usr/share/texlive/texmf-dist/tex/latex/graphics/dvips.def
File: dvips.def 2015/12/30 v3.0k Driver-dependent file (DPC,SPQR)
))
\Gin@req@height=\dimen103
\Gin@req@width=\dimen104
)
\epsfxsize=\dimen105
\epsfysize=\dimen106
)
No file _formulas.aux.
\openout1 = `_formulas.aux'.

LaTeX Font Info:    Checking defaults for OML/cmm/m/it on input line 4.
LaTeX Font Info:    ... okay on input line 4.
LaTeX Font Info:    Checking defaults for T1/cmr/m/n on input line 4.
LaTeX Font Info:    ... okay on input line 4.
LaTeX Font Info:    Checking defaults for OT1/cmr/m/n on input line 4.
LaTeX Font Info:    ... okay on input line 4.
LaTeX Font Info:    Checking defaults for OMS/cmsy/m/n on input line 4.
LaTeX Font Info:    ... okay on input line 4.
LaTeX Font Info:    Checking defaults for OMX/cmex/m/n on input line 4.
LaTeX Font Info:    ... okay on input line 4.
LaTeX Font Info:    Checking defaults for U/cmr/m/n on input line 4.
LaTeX Font Info:    ... okay on input line 4.
LaTeX Font Info:    External font `cmex10' loaded for size
(Font)              <7> on input line 5.
LaTeX Font Info:    External font `cmex10' loaded for size
(Font)              <5> on input line 5.
[1

] [2] [3] [4] [5] [6] [7] [8] [9] [10] [11] [12] [13] [14] [15] [16] [17]
[18] [19] [20] [21] [22] [23] [24] [25] [26] [27] [28] [29] [30] [31] [32]
[33] [34] [35] [36] [37] [38] [39] [40] [41] [42] [43] [44] [45] [46] [47]
[48] [49] [50] [51] [52] [53] [54] [55] [56] [57] [58] [59] [60] [61] [62]
[63] [64] [65] [66] [67] [68] [69] [70] [71]
Overfull \hbox (136.58139pt too wide) detected at line 218
[]\OT1/cmr/m/n/10 (\OML/cmm/m/it/10 ^^R\OT1/cmr/m/n/10 ) = 2\OML/cmm/m/it/10 r[
] [][] \OMS/cmsy/m/n/10 ^^@ \OML/cmm/m/it/10 r[] []
 []

[72] [73]
Overfull \hbox (550.68523pt too wide) detected at line 224
[]\OT1/cmr/m/n/10 (\OML/cmm/m/it/10 ^^R\OT1/cmr/m/n/10 ) = \OMS/cmsy/m/n/10 ^^@
\OT1/cmr/m/n/10 6\OML/cmm/m/it/10 r[] [][] \OT1/cmr/m/n/10 + 6\OML/cmm/m/it/10 
r[] [] [] \OMS/cmsy/m/n/10 ^^@ \OML/cmm/m/it/10 r[] []
 []

[74]
Overfull \hbox (8.22142pt too wide) detected at line 227
[]\OT1/cmr/m/n/10 (\OML/cmm/m/it/10 ^^R\OT1/cmr/m/n/10 ) = [] \OMS/cmsy/m/n/10 
^^@ [] [] ^^@ \OML/cmm/m/it/10 r[] []
 []

[75] [76] [77] [78] [79] [80] [81] [82] [83] [84] [85] [86] [87] [88] [89]
[90] [91] [92] [93] [94]
! Undefined control sequence.
l.287 \[ \boldsymbol
                    {a}_{apparent} = -\boldsymbol{a}_B - \dot{\boldsymbol{\o...

? 
! Undefined control sequence.
l.287 \[ \boldsymbol{a}_{apparent} = -\boldsymbol
                                                 {a}_B - \dot{\boldsymbol{\o...

? 
! Undefined control sequence.
l.287 ...t} = -\boldsymbol{a}_B - \dot{\boldsymbol
                                                  {\omega}} \times \boldsymb...

? 
! Undefined control sequence.
l.287 ...t{\boldsymbol{\omega}} \times \boldsymbol
                                                  {r}_{ni} - \boldsymbol{\om...

? 
! Undefined control sequence.
l.287 ... \times \boldsymbol{r}_{ni} - \boldsymbol
                                                  {\omega} \times (\boldsymb...

? 
! Undefined control sequence.
l.287 ...- \boldsymbol{\omega} \times (\boldsymbol
                                                  {\omega} \times \boldsymbo...

? 
! Undefined control sequence.
l.287 ...s (\boldsymbol{\omega} \times \boldsymbol
                                                  {r}_{ni}) - 2(\boldsymbol{...

? 
! Undefined control sequence.
l.287 ...imes \boldsymbol{r}_{ni}) - 2(\boldsymbol
                                                  {\omega} \times \boldsymbo...

? 
! Undefined control sequence.
l.287 ... 2(\boldsymbol{\omega} \times \boldsymbol
                                                  {v}_{ni}) \]
? 
[95]
! Undefined control sequence.
<recently read> \boldsymbol 
                            
l.290 $\boldsymbol
                  {a}_B$
? 
[96]
! Undefined control sequence.
<recently read> \boldsymbol 
                            
l.293 $\boldsymbol
                  {\omega}$
? 
[97]
! Undefined control sequence.
<recently read> \boldsymbol 
                            
l.296 $\boldsymbol
                  {r}_{ni}$
? 
[98]
! Undefined control sequence.
<recently read> \boldsymbol 
                            
l.299 $\boldsymbol
                  {v}_{ni}$
? 
[99]
! Undefined control sequence.
l.302 \[ \boldsymbol
                    {a}_{centripetal} = -\boldsymbol{\omega} \times (\boldsy...

? 
! Undefined control sequence.
l.302 ...oldsymbol{a}_{centripetal} = -\boldsymbol
                                                  {\omega} \times (\boldsymb...

? 
! Undefined control sequence.
l.302 ... -\boldsymbol{\omega} \times (\boldsymbol
                                                  {\omega} \times \boldsymbo...

? 
! Undefined control sequence.
l.302 ...s (\boldsymbol{\omega} \times \boldsymbol
                                                  {r}_{ni}) \]
? 
[100]
! Undefined control sequence.
l.305 \[ \boldsymbol
                    {a}_{Coriolis} = -2(\boldsymbol{\omega} \times \boldsymb...

? 
! Undefined control sequence.
l.305 ...boldsymbol{a}_{Coriolis} = -2(\boldsymbol
                                                  {\omega} \times \boldsymbo...

? 
! Undefined control sequence.
l.305 ...-2(\boldsymbol{\omega} \times \boldsymbol
                                                  {v}_{ni}) \]
? 
[101]
! Undefined control sequence.
l.308 \[ \boldsymbol
                    {a}_{Euler} = - \dot{\boldsymbol{\omega}} \times \boldsy...

? 
! Undefined control sequence.
l.308 ...oldsymbol{a}_{Euler} = - \dot{\boldsymbol
                                                  {\omega}} \times \boldsymb...

? 
! Undefined control sequence.
l.308 ...t{\boldsymbol{\omega}} \times \boldsymbol
                                                  {r}_{ni} \]
? 
[102]
! Undefined control sequence.
l.311 $\dot{\boldsymbol
                       {\omega}}$
? 
[103] [104] [105] [106] [107] [108] [109] [110] [111] [112] [113] [114]
[115] [116] [117] [118] [119] [120] [121]
Overfull \hbox (27.35455pt too wide) in alignment at lines 368--368
 [][][] []
 []

[122] [123]
Overfull \hbox (26.6047pt too wide) in alignment at lines 374--374
 [][][] []
 []

[124] [125] [126] [127] [128] [129] [130] [131] [132] [133] [134] [135]
[136] [137] [138] [139] [140] [141] [142] [143] [144] [145] [146] [147]
[148]
Overfull \hbox (43.6349pt too wide) detected at line 449
[]\OT1/cmr/m/n/10 (\OML/cmm/m/it/10 u\OT1/cmr/m/n/10 ) = []\OML/cmm/m/it/10 u[]
\OT1/cmr/m/n/10 (\OML/cmm/m/it/10 u\OT1/cmr/m/n/10 ) \OMS/cmsy/m/n/10 ^^@ [][]\
OT1/cmr/m/n/10 (\OML/cmm/m/it/10 u\OT1/cmr/m/n/10 )
 []

[149] [150] [151] [152] [153] [154] [155] [156] [157] [158] [159] [160]
[161] [162] [163] [164] [165] [166] [167] [168] [169] [170] [171] [172]
[173] [174] [175] [176] [177] [178] [179] [180] [181] [182] [183] [184]
[185] [186] [187] [188] [189] [190] [191] [192] [193] (./_formulas.aux) ) 
Here is how much of TeX's memory you used:
 553 strings out of 493030
 6657 string characters out of 6136260
 61714 words of memory out of 5000000
 4156 multiletter control sequences out of 15000+600000
 3640 words of font info for 14 fonts, out of 8000000 for 9000
 1141 hyphenation exceptions out of 8191
 32i,8n,21p,808b,100s stack positions out of 5000i,500n,10000p,200000b,80000s

Output written on _formulas.dvi (193 pages, 39676 bytes).
